C51 COMPILER V9.01   MAIN                                                                  05/26/2020 11:17:58 PAGE 1   


C51 COMPILER V9.01, COMPILATION OF MODULE MAIN
OBJECT MODULE PLACED IN main.OBJ
COMPILER INVOKED BY: D:\keil\download\C51\BIN\C51.EXE main.c BROWSE DEBUG OBJECTEXTEND

line level    source

   1          #include "reg52.h"
   2          typedef unsigned char u8;
   3          typedef unsigned int u16;
   4          
   5          sbit led=P2^0;    //D1
   6          
   7          void delay(u16 i){        //i==1,10Œ¢√Î
   8   1              while(i--);
   9   1      }
  10          
  11          void main(){
  12   1              while(1){
  13   2                      led=0;
  14   2                      delay(50000);
  15   2                      led=1;
  16   2                      delay(50000);
  17   2              }
  18   1      }


MODULE INFORMATION:   STATIC OVERLAYABLE
   CODE SIZE        =     31    ----
   CONSTANT SIZE    =   ----    ----
   XDATA SIZE       =   ----    ----
   PDATA SIZE       =   ----    ----
   DATA SIZE        =   ----    ----
   IDATA SIZE       =   ----    ----
   BIT SIZE         =   ----    ----
END OF MODULE INFORMATION.


C51 COMPILATION COMPLETE.  0 WARNING(S),  0 ERROR(S)
